<?xml version="1.0" encoding="UTF-8"?>
<testng-results ignored="0" total="16" passed="15" failed="1" skipped="0">
  <reporter-output>
  </reporter-output>
  <suite started-at="2024-08-05T14:20:19 IST" name="Default suite" finished-at="2024-08-05T14:20:37 IST" duration-ms="18522">
    <groups>
    </groups>
    <test started-at="2024-08-05T14:20:19 IST" name="Default test" finished-at="2024-08-05T14:20:37 IST" duration-ms="18522">
      <class name="seleniummaven.seleniummaven.TestNGfirstcrystore">
        <test-method is-config="true" signature="navigate()[pri:0, instance:seleniummaven.seleniummaven.TestNGfirstcrystore@44040454]" started-at="2024-08-05T14:20:19 IST" name="navigate" finished-at="2024-08-05T14:20:22 IST" duration-ms="3066" status="PASS">
          <reporter-output>
          </reporter-output>
        </test-method> <!-- navigate -->
        <test-method signature="account()[pri:1, instance:seleniummaven.seleniummaven.TestNGfirstcrystore@44040454]" started-at="2024-08-05T14:20:22 IST" name="account" finished-at="2024-08-05T14:20:22 IST" duration-ms="60" status="PASS">
          <reporter-output>
          </reporter-output>
        </test-method> <!-- account -->
        <test-method signature="login()[pri:2, instance:seleniummaven.seleniummaven.TestNGfirstcrystore@44040454]" started-at="2024-08-05T14:20:22 IST" name="login" finished-at="2024-08-05T14:20:22 IST" duration-ms="113" status="PASS">
          <reporter-output>
          </reporter-output>
        </test-method> <!-- login -->
        <test-method signature="pass()[pri:3, instance:seleniummaven.seleniummaven.TestNGfirstcrystore@44040454]" started-at="2024-08-05T14:20:22 IST" name="pass" finished-at="2024-08-05T14:20:22 IST" duration-ms="77" status="PASS">
          <reporter-output>
          </reporter-output>
        </test-method> <!-- pass -->
        <test-method signature="singinbutton()[pri:4, instance:seleniummaven.seleniummaven.TestNGfirstcrystore@44040454]" started-at="2024-08-05T14:20:22 IST" name="singinbutton" finished-at="2024-08-05T14:20:26 IST" duration-ms="4057" status="PASS">
          <reporter-output>
          </reporter-output>
        </test-method> <!-- singinbutton -->
        <test-method signature="Accessories()[pri:5, instance:seleniummaven.seleniummaven.TestNGfirstcrystore@44040454]" started-at="2024-08-05T14:20:26 IST" name="Accessories" finished-at="2024-08-05T14:20:26 IST" duration-ms="56" status="PASS">
          <reporter-output>
          </reporter-output>
        </test-method> <!-- Accessories -->
        <test-method signature="Breastpump()[pri:6, instance:seleniummaven.seleniummaven.TestNGfirstcrystore@44040454]" started-at="2024-08-05T14:20:26 IST" name="Breastpump" finished-at="2024-08-05T14:20:26 IST" duration-ms="51" status="PASS">
          <reporter-output>
          </reporter-output>
        </test-method> <!-- Breastpump -->
        <test-method signature="babybedwithnet()[pri:7, instance:seleniummaven.seleniummaven.TestNGfirstcrystore@44040454]" started-at="2024-08-05T14:20:26 IST" name="babybedwithnet" finished-at="2024-08-05T14:20:26 IST" duration-ms="46" status="PASS">
          <reporter-output>
          </reporter-output>
        </test-method> <!-- babybedwithnet -->
        <test-method signature="BabyCradleAutomaticSwing()[pri:8, instance:seleniummaven.seleniummaven.TestNGfirstcrystore@44040454]" started-at="2024-08-05T14:20:26 IST" name="BabyCradleAutomaticSwing" finished-at="2024-08-05T14:20:26 IST" duration-ms="40" status="PASS">
          <reporter-output>
          </reporter-output>
        </test-method> <!-- BabyCradleAutomaticSwing -->
        <test-method signature="BabyhugCarSeat()[pri:9, instance:seleniummaven.seleniummaven.TestNGfirstcrystore@44040454]" started-at="2024-08-05T14:20:26 IST" name="BabyhugCarSeat" finished-at="2024-08-05T14:20:26 IST" duration-ms="45" status="PASS">
          <reporter-output>
          </reporter-output>
        </test-method> <!-- BabyhugCarSeat -->
        <test-method signature="CradleSwing()[pri:10, instance:seleniummaven.seleniummaven.TestNGfirstcrystore@44040454]" started-at="2024-08-05T14:20:26 IST" name="CradleSwing" finished-at="2024-08-05T14:20:26 IST" duration-ms="45" status="PASS">
          <reporter-output>
          </reporter-output>
        </test-method> <!-- CradleSwing -->
        <test-method signature="ElectricBabySwing()[pri:11, instance:seleniummaven.seleniummaven.TestNGfirstcrystore@44040454]" started-at="2024-08-05T14:20:26 IST" name="ElectricBabySwing" finished-at="2024-08-05T14:20:26 IST" duration-ms="39" status="PASS">
          <reporter-output>
          </reporter-output>
        </test-method> <!-- ElectricBabySwing -->
        <test-method signature="Babypalna()[pri:12, instance:seleniummaven.seleniummaven.TestNGfirstcrystore@44040454]" started-at="2024-08-05T14:20:26 IST" name="Babypalna" finished-at="2024-08-05T14:20:26 IST" duration-ms="42" status="PASS">
          <reporter-output>
          </reporter-output>
        </test-method> <!-- Babypalna -->
        <test-method signature="BabyBouncerandRocker()[pri:13, instance:seleniummaven.seleniummaven.TestNGfirstcrystore@44040454]" started-at="2024-08-05T14:20:27 IST" name="BabyBouncerandRocker" finished-at="2024-08-05T14:20:27 IST" duration-ms="43" status="PASS">
          <reporter-output>
          </reporter-output>
        </test-method> <!-- BabyBouncerandRocker -->
        <test-method signature="BabyBoosterChair()[pri:14, instance:seleniummaven.seleniummaven.TestNGfirstcrystore@44040454]" started-at="2024-08-05T14:20:27 IST" name="BabyBoosterChair" finished-at="2024-08-05T14:20:27 IST" duration-ms="246" status="PASS">
          <reporter-output>
          </reporter-output>
        </test-method> <!-- BabyBoosterChair -->
        <test-method signature="AddtoCart()[pri:15, instance:seleniummaven.seleniummaven.TestNGfirstcrystore@44040454]" started-at="2024-08-05T14:20:27 IST" name="AddtoCart" finished-at="2024-08-05T14:20:37 IST" duration-ms="10017" status="FAIL">
          <exception class="org.openqa.selenium.NoSuchElementException">
            <message>
              <![CDATA[no such element: Unable to locate element: {"method":"xpath","selector":"//button[@class="btn cart-btn"][@fdprocessedid="185m7"]"}
  (Session info: chrome=127.0.6533.89)
For documentation on this error, please visit: https://www.selenium.dev/documentation/webdriver/troubleshooting/errors#no-such-element-exception
Build info: version: '4.18.1', revision: 'b1d3319b48'
System info: os.name: 'Windows 11', os.arch: 'amd64', os.version: '10.0', java.version: '21.0.3'
Driver info: org.openqa.selenium.chrome.ChromeDriver
Command: [01953de35002cd5a808917193ef976b6, findElement {using=xpath, value=//button[@class="btn cart-btn"][@fdprocessedid="185m7"]}]
Capabilities {acceptInsecureCerts: false, browserName: chrome, browserVersion: 127.0.6533.89, chrome: {chromedriverVersion: 127.0.6533.88 (a2d0cb026721..., userDataDir: C:\Users\Victus\AppData\Loc...}, fedcm:accounts: true, goog:chromeOptions: {debuggerAddress: localhost:2792}, networkConnectionEnabled: false, pageLoadStrategy: normal, platformName: windows, proxy: Proxy(), se:cdp: ws://localhost:2792/devtool..., se:cdpVersion: 127.0.6533.89, setWindowRect: true, strictFileInteractability: false, timeouts: {implicit: 0, pageLoad: 300000, script: 30000}, unhandledPromptBehavior: dismiss and notify, webauthn:extension:credBlob: true, webauthn:extension:largeBlob: true, webauthn:extension:minPinLength: true, webauthn:extension:prf: true, webauthn:virtualAuthenticators: true}
Session ID: 01953de35002cd5a808917193ef976b6]]>
            </message>
            <full-stacktrace>
              <![CDATA[org.openqa.selenium.NoSuchElementException: no such element: Unable to locate element: {"method":"xpath","selector":"//button[@class="btn cart-btn"][@fdprocessedid="185m7"]"}
  (Session info: chrome=127.0.6533.89)
For documentation on this error, please visit: https://www.selenium.dev/documentation/webdriver/troubleshooting/errors#no-such-element-exception
Build info: version: '4.18.1', revision: 'b1d3319b48'
System info: os.name: 'Windows 11', os.arch: 'amd64', os.version: '10.0', java.version: '21.0.3'
Driver info: org.openqa.selenium.chrome.ChromeDriver
Command: [01953de35002cd5a808917193ef976b6, findElement {using=xpath, value=//button[@class="btn cart-btn"][@fdprocessedid="185m7"]}]
Capabilities {acceptInsecureCerts: false, browserName: chrome, browserVersion: 127.0.6533.89, chrome: {chromedriverVersion: 127.0.6533.88 (a2d0cb026721..., userDataDir: C:\Users\Victus\AppData\Loc...}, fedcm:accounts: true, goog:chromeOptions: {debuggerAddress: localhost:2792}, networkConnectionEnabled: false, pageLoadStrategy: normal, platformName: windows, proxy: Proxy(), se:cdp: ws://localhost:2792/devtool..., se:cdpVersion: 127.0.6533.89, setWindowRect: true, strictFileInteractability: false, timeouts: {implicit: 0, pageLoad: 300000, script: 30000}, unhandledPromptBehavior: dismiss and notify, webauthn:extension:credBlob: true, webauthn:extension:largeBlob: true, webauthn:extension:minPinLength: true, webauthn:extension:prf: true, webauthn:virtualAuthenticators: true}
Session ID: 01953de35002cd5a808917193ef976b6
at java.base/jdk.internal.reflect.DirectConstructorHandleAccessor.newInstance(DirectConstructorHandleAccessor.java:62)
at java.base/java.lang.reflect.Constructor.newInstanceWithCaller(Constructor.java:502)
at java.base/java.lang.reflect.Constructor.newInstance(Constructor.java:486)
at org.openqa.selenium.remote.ErrorCodec.decode(ErrorCodec.java:167)
at org.openqa.selenium.remote.codec.w3c.W3CHttpResponseCodec.decode(W3CHttpResponseCodec.java:138)
at org.openqa.selenium.remote.codec.w3c.W3CHttpResponseCodec.decode(W3CHttpResponseCodec.java:50)
at org.openqa.selenium.remote.HttpCommandExecutor.execute(HttpCommandExecutor.java:190)
at org.openqa.selenium.remote.service.DriverCommandExecutor.invokeExecute(DriverCommandExecutor.java:216)
at org.openqa.selenium.remote.service.DriverCommandExecutor.execute(DriverCommandExecutor.java:174)
at org.openqa.selenium.remote.RemoteWebDriver.execute(RemoteWebDriver.java:519)
at org.openqa.selenium.remote.ElementLocation$ElementFinder$2.findElement(ElementLocation.java:165)
at org.openqa.selenium.remote.ElementLocation.findElement(ElementLocation.java:59)
at org.openqa.selenium.remote.RemoteWebDriver.findElement(RemoteWebDriver.java:356)
at org.openqa.selenium.remote.RemoteWebDriver.findElement(RemoteWebDriver.java:350)
at seleniummaven.seleniummaven.TestNGfirstcrystore.AddtoCart(TestNGfirstcrystore.java:125)
at java.base/jdk.internal.reflect.DirectMethodHandleAccessor.invoke(DirectMethodHandleAccessor.java:103)
at java.base/java.lang.reflect.Method.invoke(Method.java:580)
at org.testng.internal.MethodInvocationHelper.invokeMethod(MethodInvocationHelper.java:133)
at org.testng.internal.TestInvoker.invokeMethod(TestInvoker.java:598)
at org.testng.internal.TestInvoker.invokeTestMethod(TestInvoker.java:173)
at org.testng.internal.MethodRunner.runInSequence(MethodRunner.java:46)
at org.testng.internal.TestInvoker$MethodInvocationAgent.invoke(TestInvoker.java:824)
at org.testng.internal.TestInvoker.invokeTestMethods(TestInvoker.java:146)
at org.testng.internal.TestMethodWorker.invokeTestMethods(TestMethodWorker.java:146)
at org.testng.internal.TestMethodWorker.run(TestMethodWorker.java:128)
at java.base/java.util.ArrayList.forEach(ArrayList.java:1596)
at org.testng.TestRunner.privateRun(TestRunner.java:794)
at org.testng.TestRunner.run(TestRunner.java:596)
at org.testng.SuiteRunner.runTest(SuiteRunner.java:377)
at org.testng.SuiteRunner.runSequentially(SuiteRunner.java:371)
at org.testng.SuiteRunner.privateRun(SuiteRunner.java:332)
at org.testng.SuiteRunner.run(SuiteRunner.java:276)
at org.testng.SuiteRunnerWorker.runSuite(SuiteRunnerWorker.java:53)
at org.testng.SuiteRunnerWorker.run(SuiteRunnerWorker.java:96)
at org.testng.TestNG.runSuitesSequentially(TestNG.java:1212)
at org.testng.TestNG.runSuitesLocally(TestNG.java:1134)
at org.testng.TestNG.runSuites(TestNG.java:1063)
at org.testng.TestNG.run(TestNG.java:1031)
at org.testng.remote.AbstractRemoteTestNG.run(AbstractRemoteTestNG.java:115)
at org.testng.remote.RemoteTestNG.initAndRun(RemoteTestNG.java:293)
at org.testng.remote.RemoteTestNG.main(RemoteTestNG.java:91)
]]>
            </full-stacktrace>
          </exception> <!-- org.openqa.selenium.NoSuchElementException -->
          <reporter-output>
          </reporter-output>
        </test-method> <!-- AddtoCart -->
        <test-method signature="Cart()[pri:16, instance:seleniummaven.seleniummaven.TestNGfirstcrystore@44040454]" started-at="2024-08-05T14:20:37 IST" name="Cart" finished-at="2024-08-05T14:20:37 IST" duration-ms="262" status="PASS">
          <reporter-output>
          </reporter-output>
        </test-method> <!-- Cart -->
        <test-method is-config="true" signature="close()[pri:0, instance:seleniummaven.seleniummaven.TestNGfirstcrystore@44040454]" started-at="2024-08-05T14:20:37 IST" name="close" finished-at="2024-08-05T14:20:37 IST" duration-ms="170" status="PASS">
          <reporter-output>
          </reporter-output>
        </test-method> <!-- close -->
      </class> <!-- seleniummaven.seleniummaven.TestNGfirstcrystore -->
    </test> <!-- Default test -->
  </suite> <!-- Default suite -->
</testng-results>
